[2025-07-12 11:40:48] info: Robot created at 1 2 N
[2025-07-12 11:40:48] info: Robot finished at 1 3 N
[2025-07-12 11:40:48] info: Robot created at 3 3 E
[2025-07-12 11:40:48] info: Robot finished at 5 1 E
[2025-07-12 15:02:26] info: Robot created at 1 2 N
[2025-07-12 15:02:26] info: Robot finished at 1 3 N
[2025-07-12 15:02:26] info: Robot created at 3 3 E
[2025-07-12 15:02:26] info: Robot finished at 5 1 E
[2025-07-12 15:03:07] info: 🚀 Server listening on http://localhost:3000
[2025-07-12 15:06:09] info: 🚀 Server listening on http://localhost:3000
[2025-07-12 15:07:35] info: 🚀 Server listening on http://localhost:3000
[2025-07-12 15:08:25] info: Robot created at 1 2 N
[2025-07-12 15:08:25] info: Robot finished at 1 3 N
[2025-07-12 15:08:25] info: Robot created at 3 3 E
[2025-07-12 15:08:25] info: Robot finished at 5 1 E
[2025-07-12 15:10:38] info: 🚀 Server listening on http://localhost:3000
[2025-07-12 15:11:02] info: Robot created at 1 2 N
[2025-07-12 15:11:02] info: Robot finished at 1 3 N
[2025-07-12 15:11:02] info: Robot created at 3 3 E
[2025-07-12 15:11:02] info: Robot finished at 5 1 E
[2025-07-12 15:11:12] info: Robot created at 1 2 N
[2025-07-12 15:11:12] info: Robot finished at 1 3 N
[2025-07-12 15:11:12] info: Robot created at 3 3 E
[2025-07-12 15:11:12] info: Robot finished at 5 1 E
[2025-07-12 15:11:13] info: Robot created at 1 2 N
[2025-07-12 15:11:13] info: Robot finished at 1 3 N
[2025-07-12 15:11:13] info: Robot created at 3 3 E
[2025-07-12 15:11:13] info: Robot finished at 5 1 E
[2025-07-12 15:11:17] info: Robot created at 1 2 N
[2025-07-12 15:11:17] info: Robot finished at 1 3 N
[2025-07-12 15:11:17] info: Robot created at 3 3 E
[2025-07-12 15:11:17] info: Robot finished at 5 1 E
[2025-07-12 15:11:19] info: Robot created at 1 2 N
[2025-07-12 15:11:19] info: Robot finished at 1 3 N
[2025-07-12 15:11:19] info: Robot created at 3 3 E
[2025-07-12 15:11:19] info: Robot finished at 5 1 E
[2025-07-12 15:14:07] info: Robot created at 1 2 N
[2025-07-12 15:14:07] info: Robot finished at 1 3 N
[2025-07-12 15:15:37] info: Robot created at 1 2 N
[2025-07-12 15:15:37] info: Robot finished at 1 3 N
[2025-07-12 15:36:41] info: Robot created at 1 2 N
[2025-07-12 15:36:41] info: Robot finished at 1 3 N
[2025-07-12 15:36:41] info: Robot created at 3 3 E
[2025-07-12 15:36:41] info: Robot finished at 5 1 E
[2025-07-12 15:39:55] info: Robot created at Robot-1: 1 2 N
[2025-07-12 15:39:55] info: Robot finished at Robot-1: 1 3 N
[2025-07-12 15:39:55] info: Robot created at Robot-3: 3 3 E
[2025-07-12 15:39:55] info: Robot finished at Robot-3: 5 1 E
[2025-07-12 15:40:25] info: Robot created at Robot-1.5: 1 2 N
[2025-07-12 15:40:25] info: Robot finished at Robot-1.5: 1 3 N
[2025-07-12 15:40:25] info: Robot created at Robot-2.5: 3 3 E
[2025-07-12 15:40:25] info: Robot finished at Robot-2.5: 5 1 E
[2025-07-12 15:40:50] info: Robot created at Robot-1: 1 2 N
[2025-07-12 15:40:50] info: Robot finished at Robot-1: 1 3 N
[2025-07-12 15:40:50] info: Robot created at Robot-2: 3 3 E
[2025-07-12 15:40:50] info: Robot finished at Robot-2: 5 1 E
[2025-07-12 15:41:14] info: Robot created at Robot-1: 1 2 N
[2025-07-12 15:41:14] info: Robot finished at Robot-1: 1 3 N
[2025-07-12 15:41:14] info: Robot created at Robot-2: 3 3 E
[2025-07-12 15:41:14] info: Robot finished at Robot-2: 5 1 E
[2025-07-12 15:41:14] info: Robot created at Robot-3: 3 3 E
[2025-07-12 15:41:14] info: Robot finished at Robot-3: 5 1 E
[2025-07-12 15:51:56] info: Robot created at Robot-1: 1 2 N
[2025-07-12 15:51:56] info: Robot finished at Robot-1: 1 3 N
[2025-07-12 15:51:56] info: Robot created at Robot-2: 3 3 E
[2025-07-12 15:51:56] info: Robot finished at Robot-2: 5 1 E
[2025-07-12 15:51:56] info: Robot created at Robot-3: 3 3 E
[2025-07-12 15:51:56] info: Robot finished at Robot-3: 5 1 E
[2025-07-12 15:52:29] info: Robot created at Robot-1: 1 2 N
[2025-07-12 15:52:29] info: Robot finished at Robot-1: 1 3 N
[2025-07-12 15:52:29] info: Robot created at Robot-2: 3 3 E
[2025-07-12 15:52:29] info: Robot finished at Robot-2: 5 1 E
[2025-07-12 15:52:29] info: Robot created at Robot-3: 3 3 E
[2025-07-12 15:52:29] info: Robot finished at Robot-3: 5 1 E
[2025-07-12 15:52:46] info: Robot created at Robot-1: 1 2 N
[2025-07-12 15:52:46] info: Robot finished at Robot-1: 1 3 N
[2025-07-12 15:52:46] info: Robot created at Robot-2: 3 3 E
[2025-07-12 15:52:46] info: Robot finished at Robot-2: 5 1 E
[2025-07-12 15:52:46] info: Robot created at Robot-3: 3 3 E
[2025-07-12 15:52:46] info: Robot finished at Robot-3: 5 1 E
[2025-07-12 15:53:03] info: Robot created at Robot-1: 1 2 N
[2025-07-12 15:53:03] info: Robot finished at Robot-1: 1 3 N
[2025-07-12 15:53:03] info: Robot created at Robot-2: 3 3 E
[2025-07-12 15:53:03] info: Robot finished at Robot-2: 5 1 E
[2025-07-12 15:53:03] info: Robot created at Robot-3: 3 3 E
[2025-07-12 15:53:03] info: Robot finished at Robot-3: 5 1 E
[2025-07-12 15:53:32] info: Robot created at Robot-1: 1 2 N
[2025-07-12 15:53:32] info: Robot finished at Robot-1: 1 3 N
[2025-07-12 15:53:32] info: Robot created at Robot-2: 3 3 E
[2025-07-12 15:53:32] info: Robot finished at Robot-2: 5 1 E
[2025-07-12 15:53:32] info: Robot created at Robot-3: 3 3 E
[2025-07-12 15:53:32] info: Robot finished at Robot-3: 5 1 E
[2025-07-12 15:54:18] info: Robot created at Robot-1: 1 2 N
[2025-07-12 15:54:18] info: Robot finished at Robot-1: 1 3 N
[2025-07-12 15:54:18] info: Robot created at Robot-2: 3 3 E
[2025-07-12 15:54:18] info: Robot finished at Robot-2: 5 1 E
[2025-07-12 15:54:18] info: Robot created at Robot-3: 3 3 E
[2025-07-12 15:54:18] info: Robot finished at Robot-3: 5 1 E
[2025-07-12 15:55:24] info: Robot created at Robot-1: 1 2 N
[2025-07-12 15:55:24] info: Robot finished at Robot-1: 1 3 N
[2025-07-12 15:55:24] info: Robot created at Robot-2: 3 3 E
[2025-07-12 15:55:24] info: Robot finished at Robot-2: 5 1 E
[2025-07-12 15:55:24] info: Robot created at Robot-3: 3 3 E
[2025-07-12 15:55:24] info: Robot finished at Robot-3: 5 1 E
[2025-07-12 15:56:27] info: Robot created at Robot-1: 1 2 N
[2025-07-12 15:56:27] info: Robot finished at Robot-1: 1 3 N
[2025-07-12 15:56:27] info: Robot created at Robot-2: 3 3 E
[2025-07-12 15:56:27] info: Robot finished at Robot-2: 5 1 E
[2025-07-12 15:56:27] info: Robot created at Robot-3: 3 3 E
[2025-07-12 15:56:27] info: Robot finished at Robot-3: 5 1 E
[2025-07-12 15:57:15] info: Robot created at Robot-1: 1 2 N
[2025-07-12 15:57:15] info: Robot finished at Robot-1: 1 3 N
[2025-07-12 15:57:15] info: Robot created at Robot-2: 3 3 E
[2025-07-12 15:57:15] info: Robot finished at Robot-2: 5 1 E
[2025-07-12 15:57:15] info: Robot created at Robot-3: 3 3 E
[2025-07-12 15:57:15] info: Robot finished at Robot-3: 5 1 E
[2025-07-12 15:57:45] info: Robot created at Robot-1: 1 2 N
[2025-07-12 15:57:45] info: Robot finished at Robot-1: 1 3 N
[2025-07-12 15:57:45] info: Robot created at Robot-2: 3 3 E
[2025-07-12 15:57:45] info: Robot finished at Robot-2: 5 1 E
[2025-07-12 15:57:45] info: Robot created at Robot-3: 3 3 E
[2025-07-12 15:57:45] info: Robot finished at Robot-3: 5 1 E
[2025-07-12 16:00:30] info: Robot created at Robot-1: 1 2 N
[2025-07-12 16:00:30] info: Robot finished at Robot-1: 1 3 N
[2025-07-12 16:00:30] info: Robot created at Robot-2: 3 3 E
[2025-07-12 16:00:30] info: Robot finished at Robot-2: 5 1 E
[2025-07-12 16:00:30] info: Robot created at Robot-3: 3 3 E
[2025-07-12 16:00:30] info: Robot finished at Robot-3: 5 1 E
[2025-07-12 16:00:42] info: Robot created at Robot-1: 1 2 N
[2025-07-12 16:00:42] info: Robot finished at Robot-1: 1 3 N
[2025-07-12 16:00:42] info: Robot created at Robot-2: 3 3 E
[2025-07-12 16:00:42] info: Robot finished at Robot-2: 5 1 E
[2025-07-12 16:00:42] info: Robot created at Robot-3: 3 3 E
[2025-07-12 16:00:42] info: Robot finished at Robot-3: 5 1 E
[2025-07-12 16:01:56] info: Robot created at Robot-1: 1 2 N
[2025-07-12 16:01:56] info: Robot finished at Robot-1: 1 3 N
[2025-07-12 16:01:56] info: Robot created at Robot-2: 3 3 E
[2025-07-12 16:01:56] info: Robot finished at Robot-2: 5 1 E
[2025-07-12 16:01:56] info: Robot created at Robot-3: 3 3 E
[2025-07-12 16:01:56] info: Robot finished at Robot-3: 5 1 E
[2025-07-12 16:02:46] info: Robot created at Robot-1: 1 2 N
[2025-07-12 16:02:46] info: Robot finished at Robot-1: 1 3 N
[2025-07-12 16:02:46] info: Robot created at Robot-2: 3 3 E
[2025-07-12 16:02:46] info: Robot finished at Robot-2: 5 1 E
[2025-07-12 16:02:46] info: Robot created at Robot-3: 3 3 E
[2025-07-12 16:02:46] info: Robot finished at Robot-3: 5 1 E
[2025-07-12 16:04:53] info: Robot created at Robot-1: 1 2 N
[2025-07-12 16:04:53] info: Robot finished at Robot-1: 1 3 N
[2025-07-12 16:04:53] info: Robot created at Robot-2: 3 3 E
[2025-07-12 16:04:53] info: Robot finished at Robot-2: 5 1 E
[2025-07-12 16:04:53] info: Robot created at Robot-3: 3 3 E
[2025-07-12 16:04:53] info: Robot finished at Robot-3: 5 1 E
[2025-07-12 16:09:52] info: Robot created at Robot-1: 1 2 N
[2025-07-12 16:09:52] info: Robot finished at Robot-1: 1 3 N
[2025-07-12 16:09:52] info: Robot created at Robot-2: 3 3 E
[2025-07-12 16:09:52] info: Robot finished at Robot-2: 5 1 E
[2025-07-12 16:09:52] info: Robot created at Robot-3: 3 3 E
[2025-07-12 16:09:52] info: Robot finished at Robot-3: 5 1 E
